Deployment ID: MVP
Deploying to: OP_MAINNET
Deploying staging set of contracts on: OP_MAINNET
Deploying AAVE Liquidity Pool
LiquidityPoolAaveUSDC: 0x2D24c6c58bBCe4BC09aE6ac559F697D97665d05D
Deploying USDC Liquidity Pool
LiquidityPoolUSDC: 0xfe22Dff2Dc00E80e3127BCac393aC4e0672570F0
Multicall: 0xd0A630c391daEb244369DB0f75CBDF7dFeEaEaC3
Admin: 0x2D5B6C193C39D2AECb4a99052074E6F325258a0f
LiquidityPool Withdraw Profit: 0x2D5B6C193C39D2AECb4a99052074E6F325258a0f
LiquidityPool Pauser: 0x2D5B6C193C39D2AECb4a99052074E6F325258a0f
MPC Address: 0x6adAF8c96151962198a9b73132c16E99F4682Eb5
USDC: 0x0b2c639c533813f4aa9d7837caf62653d097ff85
Rebalancer: 0x34Df9cD75fA0b4d8fF300AeDf7591f79dFdd61C9
RebalancerProxyAdmin: 0xcB33De00942f1004F59B2346d3891864DecEF14C
Routes:
┌─────────┬──────────────────────────────────────────────┬────────────────┬──────────┐
│ (index) │ Pool                                         │ Domain         │ Provider │
├─────────┼──────────────────────────────────────────────┼────────────────┼──────────┤
│ 0       │ '0x2D24c6c58bBCe4BC09aE6ac559F697D97665d05D' │ 'BASE'         │ 'CCTP'   │
│ 1       │ '0x2D24c6c58bBCe4BC09aE6ac559F697D97665d05D' │ 'ARBITRUM_ONE' │ 'CCTP'   │
│ 2       │ '0xfe22Dff2Dc00E80e3127BCac393aC4e0672570F0' │ 'BASE'         │ 'CCTP'   │
│ 3       │ '0xfe22Dff2Dc00E80e3127BCac393aC4e0672570F0' │ 'ARBITRUM_ONE' │ 'CCTP'   │
│ 4       │ '0x2D24c6c58bBCe4BC09aE6ac559F697D97665d05D' │ 'OP_MAINNET'   │ 'LOCAL'  │
│ 5       │ '0xfe22Dff2Dc00E80e3127BCac393aC4e0672570F0' │ 'OP_MAINNET'   │ 'LOCAL'  │
└─────────┴──────────────────────────────────────────────┴────────────────┴──────────┘

Deployment ID: MVP
Deploying Repayer
Using config for: stage, OP_MAINNET
LiquidityPoolAave: 0x2D24c6c58bBCe4BC09aE6ac559F697D97665d05D
LiquidityPool: 0xfe22Dff2Dc00E80e3127BCac393aC4e0672570F0
Repayer: 0x697ECA1cae710FA0348e2173900e6C09b180C35b
RepayerProxyAdmin: 0x97e48e13AbAA3e4854166D2c564868215d3d1F0f
RepayerRoutes:
┌─────────┬──────────────────────────────────────────────┬────────────────┬──────────┬───────────────────┐
│ (index) │ Pool                                         │ Domain         │ Provider │ SupportsAllTokens │
├─────────┼──────────────────────────────────────────────┼────────────────┼──────────┼───────────────────┤
│ 0       │ '0x2D24c6c58bBCe4BC09aE6ac559F697D97665d05D' │ 'BASE'         │ 'CCTP'   │ true              │
│ 1       │ '0x2D24c6c58bBCe4BC09aE6ac559F697D97665d05D' │ 'ARBITRUM_ONE' │ 'CCTP'   │ true              │
│ 2       │ '0xfe22Dff2Dc00E80e3127BCac393aC4e0672570F0' │ 'BASE'         │ 'CCTP'   │ false             │
│ 3       │ '0xfe22Dff2Dc00E80e3127BCac393aC4e0672570F0' │ 'ARBITRUM_ONE' │ 'CCTP'   │ false             │
│ 4       │ '0x2D24c6c58bBCe4BC09aE6ac559F697D97665d05D' │ 'BASE'         │ 'ACROSS' │ true              │
│ 5       │ '0x2D24c6c58bBCe4BC09aE6ac559F697D97665d05D' │ 'ARBITRUM_ONE' │ 'ACROSS' │ true              │
│ 6       │ '0x2D24c6c58bBCe4BC09aE6ac559F697D97665d05D' │ 'OP_MAINNET'   │ 'LOCAL'  │ true              │
│ 7       │ '0xfe22Dff2Dc00E80e3127BCac393aC4e0672570F0' │ 'OP_MAINNET'   │ 'LOCAL'  │ false             │
└─────────┴──────────────────────────────────────────────┴────────────────┴──────────┴───────────────────┘

Deployment ID: MVP
Deploying Standalone Repayer
Using config for: SparkStage, OP_MAINNET
Repayer: 0x4c1545A73e2d586625e92482E706Eaa400613eb9
RepayerProxyAdmin: 0x0d54E83bA5651d99f6675c6De0171Cb11C3025c8
Repayer callers: 0x6D2C6B7B16f95B123dD3F536DCb96CB9B65d2aa3, 0xc1d6EEa5ce163d7D9f1952Db220830Aae16Cb607
RepayerRoutes:
┌─────────┬──────────────────────────────────────────────┬────────────────┬─────────────┬───────────────────┐
│ (index) │ Pool                                         │ Domain         │ Provider    │ SupportsAllTokens │
├─────────┼──────────────────────────────────────────────┼────────────────┼─────────────┼───────────────────┤
│ 0       │ '0xa21007B5BC5E2B488063752d1BE43C0f3f376743' │ 'OP_MAINNET'   │ 'LOCAL'     │ true              │
│ 1       │ '0xa21007B5BC5E2B488063752d1BE43C0f3f376743' │ 'ARBITRUM_ONE' │ 'CCTP'      │ false             │
│ 2       │ '0xa21007B5BC5E2B488063752d1BE43C0f3f376743' │ 'ARBITRUM_ONE' │ 'ACROSS'    │ true              │
│ 3       │ '0xa21007B5BC5E2B488063752d1BE43C0f3f376743' │ 'ARBITRUM_ONE' │ 'STARGATE'  │ true              │
│ 4       │ '0xa21007B5BC5E2B488063752d1BE43C0f3f376743' │ 'ARBITRUM_ONE' │ 'EVERCLEAR' │ true              │
│ 5       │ '0xa21007B5BC5E2B488063752d1BE43C0f3f376743' │ 'BASE'         │ 'CCTP'      │ false             │
│ 6       │ '0xa21007B5BC5E2B488063752d1BE43C0f3f376743' │ 'BASE'         │ 'ACROSS'    │ true              │
│ 7       │ '0xa21007B5BC5E2B488063752d1BE43C0f3f376743' │ 'BASE'         │ 'STARGATE'  │ true              │
│ 8       │ '0xa21007B5BC5E2B488063752d1BE43C0f3f376743' │ 'BASE'         │ 'EVERCLEAR' │ true              │
└─────────┴──────────────────────────────────────────────┴────────────────┴─────────────┴───────────────────┘

Using config for: stage, OP_MAINNET
Following tokens will be added to 0x697ECA1cae710FA0348e2173900e6C09b180C35b.
┌─────────┬──────────────────────────────────────────────┬───────────────────┬──────────────────────────────────────────────┐
│ (index) │ InputToken                                   │ Domain            │ OutputToken                                  │
├─────────┼──────────────────────────────────────────────┼───────────────────┼──────────────────────────────────────────────┤
│ 0       │ '0x94b008aA00579c1307B0EF2c499aD98a8ce58e58' │ 'BASE'            │ '0xfde4C96c8593536E31F229EA8f37b2ADa2699bb2' │
│ 1       │ '0x94b008aA00579c1307B0EF2c499aD98a8ce58e58' │ 'POLYGON_MAINNET' │ '0xc2132D05D31c914a87C6611C10748AEb04B58e8F' │
│ 2       │ '0x94b008aA00579c1307B0EF2c499aD98a8ce58e58' │ 'UNICHAIN'        │ '0x9151434b16b9763660705744891fA906F660EcC5' │
└─────────┴──────────────────────────────────────────────┴───────────────────┴──────────────────────────────────────────────┘
Done.

Using config for: stage, OP_MAINNET
Following tokens will be added to 0x697ECA1cae710FA0348e2173900e6C09b180C35b.
┌─────────┬──────────────────────────────────────────────┬────────────────┬──────────────────────────────────────────────┬──────────────┐
│ (index) │ InputToken                                   │ Domain         │ OutputToken                                  │ DecimalsDiff │
├─────────┼──────────────────────────────────────────────┼────────────────┼──────────────────────────────────────────────┼──────────────┤
│ 0       │ '0x0b2C639c533813f4Aa9D7837CAf62653d097Ff85' │ 'BSC'          │ '0x8AC76a51cc950d9822D68b83fE1Ad97B32Cd580d' │ -12          │
│ 1       │ '0x0b2C639c533813f4Aa9D7837CAf62653d097Ff85' │ 'GNOSIS_CHAIN' │ '0x2a22f9c3b484c3629090FeED35F17Ff8F88f76F0' │ 0            │
│ 2       │ '0x94b008aA00579c1307B0EF2c499aD98a8ce58e58' │ 'BSC'          │ '0x55d398326f99059fF775485246999027B3197955' │ -12          │
│ 3       │ '0x94b008aA00579c1307B0EF2c499aD98a8ce58e58' │ 'GNOSIS_CHAIN' │ '0x4ECaBa5870353805a9F068101A40E0f32ed605C6' │ 0            │
│ 4       │ '0xDA10009cBd5D07dd0CeCc66161FC93D7c9000da1' │ 'GNOSIS_CHAIN' │ '0xe91D153E0b41518A2Ce8Dd3D7944Fa863463a97d' │ 0            │
│ 5       │ '0x4200000000000000000000000000000000000006' │ 'BSC'          │ '0x2170Ed0880ac9A755fd29B2688956BD959F933F8' │ 0            │
│ 6       │ '0x4200000000000000000000000000000000000006' │ 'GNOSIS_CHAIN' │ '0x6A023CCd1ff6F2045C3309768eAd9E68F978f6e1' │ 0            │
│ 7       │ '0x68f180fcCe6836688e9084f035309E29Bf0A2095' │ 'BSC'          │ '0x7130d2A12B9BCbFAe4f2634d864A1Ee1Ce3Ead9c' │ -10          │
└─────────┴──────────────────────────────────────────────┴────────────────┴──────────────────────────────────────────────┴──────────────┘
Done.
