Deployment ID: MVP
Deploying to: OP_MAINNET
Deploying AAVE Liquidity Pool
LiquidityPoolAaveUSDC: 0x7C255279c098fdF6c3116D2BecD9978002c09f4b
Deploying USDC Liquidity Pool
LiquidityPoolUSDC: 0xB58Bb9643884abbbad64FA7eBc874c5481E5c032
Multicall: 0x7C472EBa1945E970a23C903FC8812D469a29B6bb
Admin: 0x4eA9E682BA79bC403523c9e8D98A05EaF3810636
LiquidityPool Withdraw Profit: 0x83B8D2eAda788943c3e80892f37f9c102271C1D6
LiquidityPool Pauser: 0x83B8D2eAda788943c3e80892f37f9c102271C1D6
MPC Address: 0x1337000000000000000000000000000000000000
USDC: 0x0b2c639c533813f4aa9d7837caf62653d097ff85
Rebalancer: 0xA85Cf46c150db2600b1D03E437bedD5513869888
RebalancerProxyAdmin: 0x818E818aC77112034aBf79506d53ba197Cac5077
Routes:
┌─────────┬──────────────────────────────────────────────┬────────────────┬──────────┐
│ (index) │ Pool                                         │ Domain         │ Provider │
├─────────┼──────────────────────────────────────────────┼────────────────┼──────────┤
│ 0       │ '0x7C255279c098fdF6c3116D2BecD9978002c09f4b' │ 'BASE'         │ 'CCTP'   │
│ 1       │ '0x7C255279c098fdF6c3116D2BecD9978002c09f4b' │ 'ARBITRUM_ONE' │ 'CCTP'   │
│ 2       │ '0xB58Bb9643884abbbad64FA7eBc874c5481E5c032' │ 'BASE'         │ 'CCTP'   │
│ 3       │ '0xB58Bb9643884abbbad64FA7eBc874c5481E5c032' │ 'ARBITRUM_ONE' │ 'CCTP'   │
│ 4       │ '0x7C255279c098fdF6c3116D2BecD9978002c09f4b' │ 'OP_MAINNET'   │ 'LOCAL'  │
│ 5       │ '0xB58Bb9643884abbbad64FA7eBc874c5481E5c032' │ 'OP_MAINNET'   │ 'LOCAL'  │
└─────────┴──────────────────────────────────────────────┴────────────────┴──────────┘
