Deployment ID: MVP
Deploying to: ARBITRUM_ONE
Deploying staging set of contracts on: ARBITRUM_ONE
Deploying AAVE Liquidity Pool
LiquidityPoolAaveUSDC: 0x2D24c6c58bBCe4BC09aE6ac559F697D97665d05D
Deploying USDC Liquidity Pool
LiquidityPoolUSDC: 0xfe22Dff2Dc00E80e3127BCac393aC4e0672570F0
Multicall: 0xd0A630c391daEb244369DB0f75CBDF7dFeEaEaC3
Admin: 0x2D5B6C193C39D2AECb4a99052074E6F325258a0f
LiquidityPool Withdraw Profit: 0x2D5B6C193C39D2AECb4a99052074E6F325258a0f
LiquidityPool Pauser: 0x2D5B6C193C39D2AECb4a99052074E6F325258a0f
MPC Address: 0x6adAF8c96151962198a9b73132c16E99F4682Eb5
USDC: 0xaf88d065e77c8cC2239327C5EDb3A432268e5831
Rebalancer: 0x34Df9cD75fA0b4d8fF300AeDf7591f79dFdd61C9
RebalancerProxyAdmin: 0xcB33De00942f1004F59B2346d3891864DecEF14C
Routes:
┌─────────┬──────────────────────────────────────────────┬────────────────┬──────────┐
│ (index) │ Pool                                         │ Domain         │ Provider │
├─────────┼──────────────────────────────────────────────┼────────────────┼──────────┤
│ 0       │ '0x2D24c6c58bBCe4BC09aE6ac559F697D97665d05D' │ 'BASE'         │ 'CCTP'   │
│ 1       │ '0x2D24c6c58bBCe4BC09aE6ac559F697D97665d05D' │ 'OP_MAINNET'   │ 'CCTP'   │
│ 2       │ '0xfe22Dff2Dc00E80e3127BCac393aC4e0672570F0' │ 'BASE'         │ 'CCTP'   │
│ 3       │ '0xfe22Dff2Dc00E80e3127BCac393aC4e0672570F0' │ 'OP_MAINNET'   │ 'CCTP'   │
│ 4       │ '0x2D24c6c58bBCe4BC09aE6ac559F697D97665d05D' │ 'ARBITRUM_ONE' │ 'LOCAL'  │
│ 5       │ '0xfe22Dff2Dc00E80e3127BCac393aC4e0672570F0' │ 'ARBITRUM_ONE' │ 'LOCAL'  │
└─────────┴──────────────────────────────────────────────┴────────────────┴──────────┘


Deployment ID: MVP
Deploying Repayer
Using config for: stage, ARBITRUM_ONE
LiquidityPoolAave: 0x2D24c6c58bBCe4BC09aE6ac559F697D97665d05D
LiquidityPool: 0xfe22Dff2Dc00E80e3127BCac393aC4e0672570F0
Repayer: 0x697ECA1cae710FA0348e2173900e6C09b180C35b
RepayerProxyAdmin: 0x97e48e13AbAA3e4854166D2c564868215d3d1F0f
RepayerRoutes:
┌─────────┬──────────────────────────────────────────────┬────────────────┬──────────┬───────────────────┐
│ (index) │ Pool                                         │ Domain         │ Provider │ SupportsAllTokens │
├─────────┼──────────────────────────────────────────────┼────────────────┼──────────┼───────────────────┤
│ 0       │ '0x2D24c6c58bBCe4BC09aE6ac559F697D97665d05D' │ 'BASE'         │ 'CCTP'   │ true              │
│ 1       │ '0x2D24c6c58bBCe4BC09aE6ac559F697D97665d05D' │ 'OP_MAINNET'   │ 'CCTP'   │ true              │
│ 2       │ '0xfe22Dff2Dc00E80e3127BCac393aC4e0672570F0' │ 'BASE'         │ 'CCTP'   │ false             │
│ 3       │ '0xfe22Dff2Dc00E80e3127BCac393aC4e0672570F0' │ 'OP_MAINNET'   │ 'CCTP'   │ false             │
│ 4       │ '0x2D24c6c58bBCe4BC09aE6ac559F697D97665d05D' │ 'BASE'         │ 'ACROSS' │ true              │
│ 5       │ '0x2D24c6c58bBCe4BC09aE6ac559F697D97665d05D' │ 'OP_MAINNET'   │ 'ACROSS' │ true              │
│ 6       │ '0x2D24c6c58bBCe4BC09aE6ac559F697D97665d05D' │ 'ARBITRUM_ONE' │ 'LOCAL'  │ true              │
│ 7       │ '0xfe22Dff2Dc00E80e3127BCac393aC4e0672570F0' │ 'ARBITRUM_ONE' │ 'LOCAL'  │ false             │
└─────────┴──────────────────────────────────────────────┴────────────────┴──────────┴───────────────────┘

Deployment ID: MVP
Deploying Standalone Repayer
Using config for: SparkStage, ARBITRUM_ONE
Repayer: 0x4c1545A73e2d586625e92482E706Eaa400613eb9
RepayerProxyAdmin: 0x0d54E83bA5651d99f6675c6De0171Cb11C3025c8
Repayer callers: 0x6D2C6B7B16f95B123dD3F536DCb96CB9B65d2aa3, 0xc1d6EEa5ce163d7D9f1952Db220830Aae16Cb607
RepayerRoutes:
┌─────────┬──────────────────────────────────────────────┬────────────────┬─────────────┬───────────────────┐
│ (index) │ Pool                                         │ Domain         │ Provider    │ SupportsAllTokens │
├─────────┼──────────────────────────────────────────────┼────────────────┼─────────────┼───────────────────┤
│ 0       │ '0xa21007B5BC5E2B488063752d1BE43C0f3f376743' │ 'ARBITRUM_ONE' │ 'LOCAL'     │ true              │
│ 1       │ '0xa21007B5BC5E2B488063752d1BE43C0f3f376743' │ 'BASE'         │ 'CCTP'      │ false             │
│ 2       │ '0xa21007B5BC5E2B488063752d1BE43C0f3f376743' │ 'BASE'         │ 'ACROSS'    │ true              │
│ 3       │ '0xa21007B5BC5E2B488063752d1BE43C0f3f376743' │ 'BASE'         │ 'STARGATE'  │ true              │
│ 4       │ '0xa21007B5BC5E2B488063752d1BE43C0f3f376743' │ 'BASE'         │ 'EVERCLEAR' │ true              │
│ 5       │ '0xa21007B5BC5E2B488063752d1BE43C0f3f376743' │ 'OP_MAINNET'   │ 'CCTP'      │ false             │
│ 6       │ '0xa21007B5BC5E2B488063752d1BE43C0f3f376743' │ 'OP_MAINNET'   │ 'ACROSS'    │ true              │
│ 7       │ '0xa21007B5BC5E2B488063752d1BE43C0f3f376743' │ 'OP_MAINNET'   │ 'STARGATE'  │ true              │
│ 8       │ '0xa21007B5BC5E2B488063752d1BE43C0f3f376743' │ 'OP_MAINNET'   │ 'EVERCLEAR' │ true              │
└─────────┴──────────────────────────────────────────────┴────────────────┴─────────────┴───────────────────┘

Deployment ID: MVP
Deploying Aave USDC Long Term Pool
Using config for: stage, ARBITRUM_ONE
Rebalancer: 0x34Df9cD75fA0b4d8fF300AeDf7591f79dFdd61C9
Deploying Aave USDC Long Term Liquidity Pool
LiquidityPoolAaveUSDCLongTerm: 0xd1A7cC673D4cE966AD31FcD8Daccf1C2B5969dA4

Deployment ID: MVP
Deploying USDC Public Pool
Using config for: stage, ARBITRUM_ONE
Deploying USDC Public Liquidity Pool
LiquidityPoolPublicUSDC: 0x451291AdB56ffA03Ef2A542389CeE16Ec3A8295D

Deployment ID: MVP
Deploying ERC4626 Adapter USDC
Using config for: stage, ARBITRUM_ONE
Rebalancer: 0x34Df9cD75fA0b4d8fF300AeDf7591f79dFdd61C9
Target Vault: 0x451291AdB56ffA03Ef2A542389CeE16Ec3A8295D
Deploying ERC4626 Adapter USDC
ERC4626AdapterUSDC: 0xd7B2FC36b3D967DE88f9A4e3C84b7dBEF73e7eF3

Deployment ID: MVP
Deploying USDC Public Pool
Using config for: stage, ARBITRUM_ONE
Deploying USDC Public Liquidity Pool
Deployer: 0xdBD91aD22bE5304e385b7b0A2Cfe91164e416e11
DEPLOYER_ADDRESS: 0xdBD91aD22bE5304e385b7b0A2Cfe91164e416e11
LiquidityPoolPublicUSDC-V2-7187ffa: 0xEBa34aE94CFf4142E30544F86D210b1807BdCb42

Deployer: 0xdBD91aD22bE5304e385b7b0A2Cfe91164e416e11
DEPLOYER_ADDRESS: 0xdBD91aD22bE5304e385b7b0A2Cfe91164e416e11
Deployment ID: MVP
Deploying ERC4626 Adapter USDC
Using config for: stage, ARBITRUM_ONE
Rebalancer: 0x34Df9cD75fA0b4d8fF300AeDf7591f79dFdd61C9
Target Vault: 0xEBa34aE94CFf4142E30544F86D210b1807BdCb42
Deploying ERC4626 Adapter USDC
ERC4626AdapterUSDC-V2-7187ffa: 0x5291A3582a7eC37BA800327f7Cd1e0bF137A4ec0

Deployment ID: MVP
Deploying Standalone Repayer
Using config for: LighterStage, ARBITRUM_ONE
Repayer: 0x32a5A8ba5e3bCE411D56A2B11d860ebD3e4B0311
RepayerProxyAdmin: 0x5216cfF2ecD8c089Fa25cdb1eC011B62b5ae2AFa
Repayer callers: 0xc1d6EEa5ce163d7D9f1952Db220830Aae16Cb607
RepayerRoutes:
┌─────────┬──────────────────────────────────────────────┬────────────────┬──────────┬───────────────────┐
│ (index) │ Pool                                         │ Domain         │ Provider │ SupportsAllTokens │
├─────────┼──────────────────────────────────────────────┼────────────────┼──────────┼───────────────────┤
│ 0       │ '0xEBa34aE94CFf4142E30544F86D210b1807BdCb42' │ 'ARBITRUM_ONE' │ 'LOCAL'  │ false             │
└─────────┴──────────────────────────────────────────────┴────────────────┴──────────┴───────────────────┘
InputOutputTokens:
┌─────────┬──────────────────────────────────────────────┬───────────────────┬──────────────────────────────────────────────┐
│ (index) │ InputToken                                   │ Domain            │ OutputToken                                  │
├─────────┼──────────────────────────────────────────────┼───────────────────┼──────────────────────────────────────────────┤
│ 0       │ '0xaf88d065e77c8cC2239327C5EDb3A432268e5831' │ 'ETHEREUM'        │ '0xA0b86991c6218b36c1d19D4a2e9Eb0cE3606eB48' │
│ 1       │ '0xaf88d065e77c8cC2239327C5EDb3A432268e5831' │ 'AVALANCHE'       │ '0xB97EF9Ef8734C71904D8002F8b6Bc66Dd9c48a6E' │
│ 2       │ '0xaf88d065e77c8cC2239327C5EDb3A432268e5831' │ 'OP_MAINNET'      │ '0x0b2C639c533813f4Aa9D7837CAf62653d097Ff85' │
│ 3       │ '0xaf88d065e77c8cC2239327C5EDb3A432268e5831' │ 'BASE'            │ '0x833589fCD6eDb6E08f4c7C32D4f71b54bdA02913' │
│ 4       │ '0xaf88d065e77c8cC2239327C5EDb3A432268e5831' │ 'POLYGON_MAINNET' │ '0x3c499c542cEF5E3811e1192ce70d8cC03d5c3359' │
│ 5       │ '0xaf88d065e77c8cC2239327C5EDb3A432268e5831' │ 'UNICHAIN'        │ '0x078D782b760474a361dDA0AF3839290b0EF57AD6' │
│ 6       │ '0xaf88d065e77c8cC2239327C5EDb3A432268e5831' │ 'BSC'             │ '0x8AC76a51cc950d9822D68b83fE1Ad97B32Cd580d' │
│ 7       │ '0xaf88d065e77c8cC2239327C5EDb3A432268e5831' │ 'LINEA'           │ '0x176211869cA2b568f2A7D4EE941E073a821EE1ff' │
│ 8       │ '0xFd086bC7CD5C481DCC9C85ebE478A1C0b69FCbb9' │ 'ETHEREUM'        │ '0xdAC17F958D2ee523a2206206994597C13D831ec7' │
│ 9       │ '0xFd086bC7CD5C481DCC9C85ebE478A1C0b69FCbb9' │ 'OP_MAINNET'      │ '0x94b008aA00579c1307B0EF2c499aD98a8ce58e58' │
│ 10      │ '0xFd086bC7CD5C481DCC9C85ebE478A1C0b69FCbb9' │ 'LINEA'           │ '0xA219439258ca9da29E9Cc4cE5596924745e12B93' │
│ 11      │ '0xDA10009cBd5D07dd0CeCc66161FC93D7c9000da1' │ 'ETHEREUM'        │ '0x6B175474E89094C44Da98b954EedeAC495271d0F' │
│ 12      │ '0xDA10009cBd5D07dd0CeCc66161FC93D7c9000da1' │ 'OP_MAINNET'      │ '0xDA10009cBd5D07dd0CeCc66161FC93D7c9000da1' │
│ 13      │ '0xDA10009cBd5D07dd0CeCc66161FC93D7c9000da1' │ 'BASE'            │ '0x50c5725949A6F0c72E6C4a641F24049A917DB0Cb' │
│ 14      │ '0xDA10009cBd5D07dd0CeCc66161FC93D7c9000da1' │ 'POLYGON_MAINNET' │ '0x8f3Cf7ad23Cd3CaDbD9735AFf958023239c6A063' │
│ 15      │ '0xDA10009cBd5D07dd0CeCc66161FC93D7c9000da1' │ 'LINEA'           │ '0x4AF15ec2A0BD43Db75dd04E62FAA3B8EF36b00d5' │
│ 16      │ '0x82aF49447D8a07e3bd95BD0d56f35241523fBab1' │ 'ETHEREUM'        │ '0xC02aaA39b223FE8D0A0e5C4F27eAD9083C756Cc2' │
│ 17      │ '0x82aF49447D8a07e3bd95BD0d56f35241523fBab1' │ 'OP_MAINNET'      │ '0x4200000000000000000000000000000000000006' │
│ 18      │ '0x82aF49447D8a07e3bd95BD0d56f35241523fBab1' │ 'BASE'            │ '0x4200000000000000000000000000000000000006' │
│ 19      │ '0x82aF49447D8a07e3bd95BD0d56f35241523fBab1' │ 'POLYGON_MAINNET' │ '0x7ceB23fD6bC0adD59E62ac25578270cFf1b9f619' │
│ 20      │ '0x82aF49447D8a07e3bd95BD0d56f35241523fBab1' │ 'UNICHAIN'        │ '0x4200000000000000000000000000000000000006' │
│ 21      │ '0x82aF49447D8a07e3bd95BD0d56f35241523fBab1' │ 'LINEA'           │ '0xe5D7C2a44FfDDf6b295A15c148167daaAf5Cf34f' │
│ 22      │ '0x2f2a2543B76A4166549F7aaB2e75Bef0aefC5B0f' │ 'ETHEREUM'        │ '0x2260FAC5E5542a773Aa44fBCfeDf7C193bc2C599' │
│ 23      │ '0x2f2a2543B76A4166549F7aaB2e75Bef0aefC5B0f' │ 'OP_MAINNET'      │ '0x68f180fcCe6836688e9084f035309E29Bf0A2095' │
│ 24      │ '0x2f2a2543B76A4166549F7aaB2e75Bef0aefC5B0f' │ 'POLYGON_MAINNET' │ '0x1BFD67037B42Cf73acF2047067bd4F2C47D9BfD6' │
│ 25      │ '0x2f2a2543B76A4166549F7aaB2e75Bef0aefC5B0f' │ 'LINEA'           │ '0x3aAB2285ddcDdaD8edf438C1bAB47e1a9D05a9b4' │
└─────────┴──────────────────────────────────────────────┴───────────────────┴──────────────────────────────────────────────┘
