Deployment ID: MVP
Deploying Repayer
Using config for: POLYGON_MAINNET
Repayer: 0x36364Acc7B9c67692CA215af09A41CBd10439511
RepayerProxyAdmin: 0x2B5D04eF6b3279bCdA4B219b02FAF627dA1664CB
RepayerRoutes:
┌─────────┬──────────────────────────────────────────────┬────────────────┬─────────────┬───────────────────┐
│ (index) │ Pool                                         │ Domain         │ Provider    │ SupportsAllTokens │
├─────────┼──────────────────────────────────────────────┼────────────────┼─────────────┼───────────────────┤
│ 0       │ '0x7C255279c098fdF6c3116D2BecD9978002c09f4b' │ 'ARBITRUM_ONE' │ 'CCTP'      │ true              │
│ 1       │ '0x7C255279c098fdF6c3116D2BecD9978002c09f4b' │ 'BASE'         │ 'CCTP'      │ true              │
│ 2       │ '0x7C255279c098fdF6c3116D2BecD9978002c09f4b' │ 'OP_MAINNET'   │ 'CCTP'      │ true              │
│ 3       │ '0x7C255279c098fdF6c3116D2BecD9978002c09f4b' │ 'ARBITRUM_ONE' │ 'ACROSS'    │ true              │
│ 4       │ '0x7C255279c098fdF6c3116D2BecD9978002c09f4b' │ 'BASE'         │ 'ACROSS'    │ true              │
│ 5       │ '0x7C255279c098fdF6c3116D2BecD9978002c09f4b' │ 'OP_MAINNET'   │ 'ACROSS'    │ true              │
│ 6       │ '0x7C255279c098fdF6c3116D2BecD9978002c09f4b' │ 'ARBITRUM_ONE' │ 'EVERCLEAR' │ true              │
│ 7       │ '0x7C255279c098fdF6c3116D2BecD9978002c09f4b' │ 'BASE'         │ 'EVERCLEAR' │ true              │
│ 8       │ '0x7C255279c098fdF6c3116D2BecD9978002c09f4b' │ 'OP_MAINNET'   │ 'EVERCLEAR' │ true              │
│ 9       │ '0xB58Bb9643884abbbad64FA7eBc874c5481E5c032' │ 'ARBITRUM_ONE' │ 'CCTP'      │ false             │
│ 10      │ '0xB58Bb9643884abbbad64FA7eBc874c5481E5c032' │ 'BASE'         │ 'CCTP'      │ false             │
│ 11      │ '0xB58Bb9643884abbbad64FA7eBc874c5481E5c032' │ 'OP_MAINNET'   │ 'CCTP'      │ false             │
└─────────┴──────────────────────────────────────────────┴────────────────┴─────────────┴───────────────────┘

Deployment ID: MVP
Upgrade ID: MVP3
Upgrading Repayer
Using config for: POLYGON_MAINNET
New Repayer implementation deployed to 0x88E87c2d8890b0d54b54B66CddD82b47490b90AB
Simulating Repayer upgrade.
Success.
To finalize upgrade send the following transaction from ProxyAdmin owner: 0x4eA9E682BA79bC403523c9e8D98A05EaF3810636
To: 0x2B5D04eF6b3279bCdA4B219b02FAF627dA1664CB
Value: 0
Data: 0x9623609d00000000000000000000000036364acc7b9c67692ca215af09a41cbd1043951100000000000000000000000088e87c2d8890b0d54b54b66cddd82b47490b90ab00000000000000000000000000000000000000000000000000000000000000600000000000000000000000000000000000000000000000000000000000000000

Deployment ID: MVP
Upgrade ID: MVP4
Upgrading Repayer
Using config for: POLYGON_MAINNET
Deployer        : 0xD44E9811169e0e84363a9c689eEcbBc73ffDfE2b
DEPLOYER_ADDRESS: 0xD44E9811169e0e84363a9c689eEcbBc73ffDfE2b
New Repayer implementation deployed to 0x8B44EA7B43aBd8E3FC87f592F2C0FAa13eC135c0
Simulating Repayer upgrade.
Success.
To finalize upgrade send the following transaction from ProxyAdmin owner: 0x4eA9E682BA79bC403523c9e8D98A05EaF3810636
To: 0x2B5D04eF6b3279bCdA4B219b02FAF627dA1664CB
Value: 0
Data: 0x9623609d00000000000000000000000036364acc7b9c67692ca215af09a41cbd104395110000000000000000000000008b44ea7b43abd8e3fc87f592f2c0faa13ec135c000000000000000000000000000000000000000000000000000000000000000600000000000000000000000000000000000000000000000000000000000000000

Deployment ID: MVP
Deploying contracts set
Using config for: POLYGON_MAINNET
Deployer        : 0xD44E9811169e0e84363a9c689eEcbBc73ffDfE2b
DEPLOYER_ADDRESS: 0xD44E9811169e0e84363a9c689eEcbBc73ffDfE2b
Deploying AAVE Liquidity Pool
LiquidityPoolAaveUSDC-V4-7187ffa: 0x2022a5600F854cc3218E636239f4DFce9e5357b5
Repayer was already deployed
Make sure to update the Repayer routes with the update-routes-repayer task
Multicall: 0x7C472EBa1945E970a23C903FC8812D469a29B6bb
Admin: 0x4eA9E682BA79bC403523c9e8D98A05EaF3810636
LiquidityPool Withdraw Profit: 0x83B8D2eAda788943c3e80892f37f9c102271C1D6
LiquidityPool Pauser: 0x83B8D2eAda788943c3e80892f37f9c102271C1D6
MPC Address: 0x3F68D470701522F1c9bb21CF44a33dBFa8E299C2
USDC: 0x3c499c542cef5e3811e1192ce70d8cc03d5c3359
Signer Address: 0x83B8D2eAda788943c3e80892f37f9c102271C1D6
Rebalancer: 0xA85Cf46c150db2600b1D03E437bedD5513869888
RebalancerProxyAdmin: undefined
RebalancerRoutes:
┌─────────┬──────────────────────────────────────────────┬────────────────┬──────────┐
│ (index) │ Pool                                         │ Domain         │ Provider │
├─────────┼──────────────────────────────────────────────┼────────────────┼──────────┤
│ 0       │ '0x2022a5600F854cc3218E636239f4DFce9e5357b5' │ 'OP_MAINNET'   │ 'CCTP'   │
│ 1       │ '0x2022a5600F854cc3218E636239f4DFce9e5357b5' │ 'ARBITRUM_ONE' │ 'CCTP'   │
│ 2       │ '0x0E16326e6921395edA2575740374E754b22810eb' │ 'OP_MAINNET'   │ 'CCTP'   │
│ 3       │ '0x0E16326e6921395edA2575740374E754b22810eb' │ 'ETHEREUM'     │ 'CCTP'   │
│ 4       │ '0x0E16326e6921395edA2575740374E754b22810eb' │ 'ARBITRUM_ONE' │ 'CCTP'   │
│ 5       │ '0xa8D2c9C9453E61E3Ca961512403D388DEe0A3672' │ 'ETHEREUM'     │ 'CCTP'   │
│ 6       │ '0xa8D2c9C9453E61E3Ca961512403D388DEe0A3672' │ 'UNICHAIN'     │ 'CCTP'   │
│ 7       │ '0x52D0EE7a870824FC683Ea19C714c7Bd110257788' │ 'ETHEREUM'     │ 'CCTP'   │
└─────────┴──────────────────────────────────────────────┴────────────────┴──────────┘
Repayer: 0x36364Acc7B9c67692CA215af09A41CBd10439511
RepayerProxyAdmin: 0x2B5D04eF6b3279bCdA4B219b02FAF627dA1664CB

Deployment ID: MVP
Upgrade ID: MVP5
Upgrading Rebalancer
Using config for: POLYGON_MAINNET
Deployer        : 0xD44E9811169e0e84363a9c689eEcbBc73ffDfE2b
DEPLOYER_ADDRESS: 0xD44E9811169e0e84363a9c689eEcbBc73ffDfE2b
New Rebalancer implementation deployed to 0x66c0913A7a2a18b4C1BAa9985199736E548B4918
Simulating Rebalancer upgrade.
Success.
To finalize upgrade send the following transaction from ProxyAdmin owner: 0x4eA9E682BA79bC403523c9e8D98A05EaF3810636
To: 0x818E818aC77112034aBf79506d53ba197Cac5077
Value: 0
Data: 0x9623609d000000000000000000000000a85cf46c150db2600b1d03e437bedd551386988800000000000000000000000066c0913a7a2a18b4c1baa9985199736e548b491800000000000000000000000000000000000000000000000000000000000000600000000000000000000000000000000000000000000000000000000000000000

Deployment ID: MVP
Upgrade ID: MVP5
Upgrading Repayer
Using config for: POLYGON_MAINNET
Deployer        : 0xD44E9811169e0e84363a9c689eEcbBc73ffDfE2b
DEPLOYER_ADDRESS: 0xD44E9811169e0e84363a9c689eEcbBc73ffDfE2b
New Repayer implementation deployed to 0x97611394FFc80228D8422ddD19Cdf759A3D099Ab
Simulating Repayer upgrade.
Success.
To finalize upgrade send the following transaction from ProxyAdmin owner: 0x4eA9E682BA79bC403523c9e8D98A05EaF3810636
To: 0x2B5D04eF6b3279bCdA4B219b02FAF627dA1664CB
Value: 0
Data: 0x9623609d00000000000000000000000036364acc7b9c67692ca215af09a41cbd1043951100000000000000000000000097611394ffc80228d8422ddd19cdf759a3d099ab00000000000000000000000000000000000000000000000000000000000000600000000000000000000000000000000000000000000000000000000000000000