Deployment ID: MVP
Deploying Repayer
Using config for: AVALANCHE
Repayer: 0x36364Acc7B9c67692CA215af09A41CBd10439511
RepayerProxyAdmin: 0x2B5D04eF6b3279bCdA4B219b02FAF627dA1664CB
RepayerRoutes:
┌─────────┬──────────────────────────────────────────────┬────────────────┬─────────────┬───────────────────┐
│ (index) │ Pool                                         │ Domain         │ Provider    │ SupportsAllTokens │
├─────────┼──────────────────────────────────────────────┼────────────────┼─────────────┼───────────────────┤
│ 0       │ '0x7C255279c098fdF6c3116D2BecD9978002c09f4b' │ 'ARBITRUM_ONE' │ 'CCTP'      │ true              │
│ 1       │ '0x7C255279c098fdF6c3116D2BecD9978002c09f4b' │ 'ARBITRUM_ONE' │ 'EVERCLEAR' │ true              │
│ 2       │ '0x7C255279c098fdF6c3116D2BecD9978002c09f4b' │ 'ARBITRUM_ONE' │ 'STARGATE'  │ true              │
│ 3       │ '0x7C255279c098fdF6c3116D2BecD9978002c09f4b' │ 'BASE'         │ 'CCTP'      │ true              │
│ 4       │ '0x7C255279c098fdF6c3116D2BecD9978002c09f4b' │ 'BASE'         │ 'EVERCLEAR' │ true              │
│ 5       │ '0x7C255279c098fdF6c3116D2BecD9978002c09f4b' │ 'BASE'         │ 'STARGATE'  │ true              │
│ 6       │ '0x7C255279c098fdF6c3116D2BecD9978002c09f4b' │ 'OP_MAINNET'   │ 'CCTP'      │ true              │
│ 7       │ '0x7C255279c098fdF6c3116D2BecD9978002c09f4b' │ 'OP_MAINNET'   │ 'EVERCLEAR' │ true              │
│ 8       │ '0x7C255279c098fdF6c3116D2BecD9978002c09f4b' │ 'OP_MAINNET'   │ 'STARGATE'  │ true              │
│ 9       │ '0xB58Bb9643884abbbad64FA7eBc874c5481E5c032' │ 'ARBITRUM_ONE' │ 'CCTP'      │ false             │
│ 10      │ '0xB58Bb9643884abbbad64FA7eBc874c5481E5c032' │ 'BASE'         │ 'CCTP'      │ false             │
│ 11      │ '0xB58Bb9643884abbbad64FA7eBc874c5481E5c032' │ 'ETHEREUM'     │ 'CCTP'      │ false             │
│ 12      │ '0xB58Bb9643884abbbad64FA7eBc874c5481E5c032' │ 'OP_MAINNET'   │ 'CCTP'      │ false             │
│ 13      │ '0x2781650E1d76b56b3BCD9836e4d16E04c86d3D07' │ 'ETHEREUM'     │ 'CCTP'      │ true              │
│ 14      │ '0x2781650E1d76b56b3BCD9836e4d16E04c86d3D07' │ 'ETHEREUM'     │ 'EVERCLEAR' │ true              │
│ 15      │ '0x2781650E1d76b56b3BCD9836e4d16E04c86d3D07' │ 'ETHEREUM'     │ 'STARGATE'  │ true              │
│ 16      │ '0x2781650E1d76b56b3BCD9836e4d16E04c86d3D07' │ 'UNICHAIN'     │ 'CCTP'      │ true              │
│ 17      │ '0x2781650E1d76b56b3BCD9836e4d16E04c86d3D07' │ 'UNICHAIN'     │ 'EVERCLEAR' │ true              │
│ 18      │ '0x2781650E1d76b56b3BCD9836e4d16E04c86d3D07' │ 'UNICHAIN'     │ 'STARGATE'  │ true              │
│ 19      │ '0x5E8da448f3F7290cA355BbF7EF9F323ab8fDE422' │ 'ETHEREUM'     │ 'CCTP'      │ true              │
│ 20      │ '0x5E8da448f3F7290cA355BbF7EF9F323ab8fDE422' │ 'ETHEREUM'     │ 'EVERCLEAR' │ true              │
│ 21      │ '0x5E8da448f3F7290cA355BbF7EF9F323ab8fDE422' │ 'ETHEREUM'     │ 'STARGATE'  │ true              │
└─────────┴──────────────────────────────────────────────┴────────────────┴─────────────┴───────────────────┘

Deployment ID: MVP
Upgrade ID: MVP3
Upgrading Repayer
Using config for: AVALANCHE
New Repayer implementation deployed to 0x88E87c2d8890b0d54b54B66CddD82b47490b90AB
Simulating Repayer upgrade.
Success.
To finalize upgrade send the following transaction from ProxyAdmin owner: 0x4eA9E682BA79bC403523c9e8D98A05EaF3810636
To: 0x2B5D04eF6b3279bCdA4B219b02FAF627dA1664CB
Value: 0
Data: 0x9623609d00000000000000000000000036364acc7b9c67692ca215af09a41cbd1043951100000000000000000000000088e87c2d8890b0d54b54b66cddd82b47490b90ab00000000000000000000000000000000000000000000000000000000000000600000000000000000000000000000000000000000000000000000000000000000
