Deployment ID: MVP
Deploying to: BASE
Deploying AAVE Liquidity Pool
LiquidityPoolAaveUSDC: 0x7C255279c098fdF6c3116D2BecD9978002c09f4b
Deploying USDC Liquidity Pool
LiquidityPoolUSDC: 0xB58Bb9643884abbbad64FA7eBc874c5481E5c032
SprinterUSDCLPShare: 0xfa89929b30bC3132f9907CBCe3F2f6f4AC0903b6
LiquidityHub: 0xa593A9bBBc65be342FF610a01e96da2EB8539FF2
LiquidityHubProxyAdmin: 0x998c7392B6dD28031fed052e5fF2bF38F291d47b
LiquidityHub Adjuster: 0x4eA9E682BA79bC403523c9e8D98A05EaF3810636
LiquidityHub DepositProfit: 0x83B8D2eAda788943c3e80892f37f9c102271C1D6
LiquidityHub Assets Limit: 10000000
SprinterLiquidityMining: 0x9EEe9B4a6750BAAb77D23476c2D0c50e4b2e068E
Tiers:
┌─────────┬──────────┬────────────────┐
│ (index) │ seconds  │ multiplier     │
├─────────┼──────────┼────────────────┤
│ 0       │ 7776000  │ '0.300000000x' │
│ 1       │ 15552000 │ '0.800000000x' │
│ 2       │ 31104000 │ '1.666666667x' │
└─────────┴──────────┴────────────────┘
Multicall: 0x7C472EBa1945E970a23C903FC8812D469a29B6bb
Admin: 0x4eA9E682BA79bC403523c9e8D98A05EaF3810636
LiquidityPool Withdraw Profit: 0x83B8D2eAda788943c3e80892f37f9c102271C1D6
LiquidityPool Pauser: 0x83B8D2eAda788943c3e80892f37f9c102271C1D6
MPC Address: 0x1337000000000000000000000000000000000000
USDC: 0x833589fCD6eDb6E08f4c7C32D4f71b54bdA02913
Rebalancer: 0xA85Cf46c150db2600b1D03E437bedD5513869888
RebalancerProxyAdmin: 0x818E818aC77112034aBf79506d53ba197Cac5077
Routes:
┌─────────┬──────────────────────────────────────────────┬────────────────┬──────────┐
│ (index) │ Pool                                         │ Domain         │ Provider │
├─────────┼──────────────────────────────────────────────┼────────────────┼──────────┤
│ 0       │ '0x7C255279c098fdF6c3116D2BecD9978002c09f4b' │ 'OP_MAINNET'   │ 'CCTP'   │
│ 1       │ '0x7C255279c098fdF6c3116D2BecD9978002c09f4b' │ 'ARBITRUM_ONE' │ 'CCTP'   │
│ 2       │ '0xB58Bb9643884abbbad64FA7eBc874c5481E5c032' │ 'OP_MAINNET'   │ 'CCTP'   │
│ 3       │ '0xB58Bb9643884abbbad64FA7eBc874c5481E5c032' │ 'ARBITRUM_ONE' │ 'CCTP'   │
│ 4       │ '0x7C255279c098fdF6c3116D2BecD9978002c09f4b' │ 'BASE'         │ 'LOCAL'  │
│ 5       │ '0xB58Bb9643884abbbad64FA7eBc874c5481E5c032' │ 'BASE'         │ 'LOCAL'  │
└─────────┴──────────────────────────────────────────────┴────────────────┴──────────┘

Deployment ID: MVP
Redeployment ID: MVP2
Redeploying to: BASE
Admin: 0x4eA9E682BA79bC403523c9e8D98A05EaF3810636
SprinterLiquidityMining: 0x479D158959B59328E89f0fbF7DfeBb198c313C21
Tiers:
┌─────────┬──────────┬────────────────┐
│ (index) │ seconds  │ multiplier     │
├─────────┼──────────┼────────────────┤
│ 0       │ 7776000  │ '0.400000000x' │
│ 1       │ 15552000 │ '1.0x'         │
│ 2       │ 31104000 │ '2.200000000x' │
└─────────┴──────────┴────────────────┘

Deployment ID: MVP
Deploying Repayer
Using config for: BASE
LiquidityPoolAave: 0x7C255279c098fdF6c3116D2BecD9978002c09f4b
LiquidityPool: 0xB58Bb9643884abbbad64FA7eBc874c5481E5c032
Repayer: 0x36364Acc7B9c67692CA215af09A41CBd10439511
RepayerProxyAdmin: 0x2B5D04eF6b3279bCdA4B219b02FAF627dA1664CB
RepayerRoutes:
┌─────────┬──────────────────────────────────────────────┬────────────────┬─────────────┬───────────────────┐
│ (index) │ Pool                                         │ Domain         │ Provider    │ SupportsAllTokens │
├─────────┼──────────────────────────────────────────────┼────────────────┼─────────────┼───────────────────┤
│ 0       │ '0x7C255279c098fdF6c3116D2BecD9978002c09f4b' │ 'OP_MAINNET'   │ 'CCTP'      │ true              │
│ 1       │ '0x7C255279c098fdF6c3116D2BecD9978002c09f4b' │ 'ARBITRUM_ONE' │ 'CCTP'      │ true              │
│ 2       │ '0x7C255279c098fdF6c3116D2BecD9978002c09f4b' │ 'OP_MAINNET'   │ 'ACROSS'    │ true              │
│ 3       │ '0x7C255279c098fdF6c3116D2BecD9978002c09f4b' │ 'ARBITRUM_ONE' │ 'ACROSS'    │ true              │
│ 4       │ '0x7C255279c098fdF6c3116D2BecD9978002c09f4b' │ 'OP_MAINNET'   │ 'EVERCLEAR' │ true              │
│ 5       │ '0x7C255279c098fdF6c3116D2BecD9978002c09f4b' │ 'ARBITRUM_ONE' │ 'EVERCLEAR' │ true              │
│ 6       │ '0xB58Bb9643884abbbad64FA7eBc874c5481E5c032' │ 'OP_MAINNET'   │ 'CCTP'      │ false             │
│ 7       │ '0xB58Bb9643884abbbad64FA7eBc874c5481E5c032' │ 'ARBITRUM_ONE' │ 'CCTP'      │ false             │
│ 8       │ '0x7C255279c098fdF6c3116D2BecD9978002c09f4b' │ 'BASE'         │ 'LOCAL'     │ true              │
│ 9       │ '0xB58Bb9643884abbbad64FA7eBc874c5481E5c032' │ 'BASE'         │ 'LOCAL'     │ false             │
└─────────┴──────────────────────────────────────────────┴────────────────┴─────────────┴───────────────────┘

Deployment ID: MVP
Upgrade ID: MVP2
Upgrading Rebalancer
Using config for: BASE
New Rebalancer implementation deployed to 0xC9A2cB19c2b155f62A1c4F165c315ce67b974e98
Simulating Rebalancer upgrade.
Success.
To finalize upgrade send the following transaction from ProxyAdmin owner: 0x4eA9E682BA79bC403523c9e8D98A05EaF3810636
To: 0x818E818aC77112034aBf79506d53ba197Cac5077
Value: 0
Data: 0x9623609d000000000000000000000000a85cf46c150db2600b1d03e437bedd5513869888000000000000000000000000c9a2cb19c2b155f62a1c4f165c315ce67b974e9800000000000000000000000000000000000000000000000000000000000000600000000000000000000000000000000000000000000000000000000000000000

Deployer: 0xD44E9811169e0e84363a9c689eEcbBc73ffDfE2b
DEPLOYER_ADDRESS: 0xD44E9811169e0e84363a9c689eEcbBc73ffDfE2b
Deployment ID: MVP
Deploying USDC Pool
Using config for: BASE
Rebalancer: 0xA85Cf46c150db2600b1D03E437bedD5513869888
Deploying USDC Liquidity Pool
LiquidityPoolUSDC-V4-7187ffa: 0x0E16326e6921395edA2575740374E754b22810eb

Deployer: 0xD44E9811169e0e84363a9c689eEcbBc73ffDfE2b
DEPLOYER_ADDRESS: 0xD44E9811169e0e84363a9c689eEcbBc73ffDfE2b
Deployment ID: MVP
Deploying Aave USDC Pool
Using config for: BASE
Rebalancer: 0xA85Cf46c150db2600b1D03E437bedD5513869888
Deploying Aave USDC Liquidity Pool
LiquidityPoolAaveUSDC-V4-7187ffa: 0x2022a5600F854cc3218E636239f4DFce9e5357b5

Deployer: 0xD44E9811169e0e84363a9c689eEcbBc73ffDfE2b
DEPLOYER_ADDRESS: 0xD44E9811169e0e84363a9c689eEcbBc73ffDfE2b
Deployment ID: MVP
Upgrade ID: MVP3
Upgrading Liquidity Hub
Using config for: BASE
Liquidity Pool: 0x2022a5600F854cc3218E636239f4DFce9e5357b5
New LiquidityHub implementation deployed to 0x6bd380415Cd045525F284b7C0E8A02030159998B
Simulating LiquidityHub upgrade.
Success.
To finalize upgrade send the following transaction from ProxyAdmin owner: 0x4eA9E682BA79bC403523c9e8D98A05EaF3810636
To: 0x998c7392B6dD28031fed052e5fF2bF38F291d47b
Value: 0
Data: 0x9623609d000000000000000000000000a593a9bbbc65be342ff610a01e96da2eb8539ff20000000000000000000000006bd380415cd045525f284b7c0e8a02030159998b00000000000000000000000000000000000000000000000000000000000000600000000000000000000000000000000000000000000000000000000000000000
