Deployment ID: MVP
Deploying Repayer
Using config for: INK
Deployer        : 0xD44E9811169e0e84363a9c689eEcbBc73ffDfE2b
DEPLOYER_ADDRESS: 0xD44E9811169e0e84363a9c689eEcbBc73ffDfE2b
Repayer: 0x36364Acc7B9c67692CA215af09A41CBd10439511
RepayerProxyAdmin: 0x2B5D04eF6b3279bCdA4B219b02FAF627dA1664CB
RepayerRoutes:
┌─────────┬──────────────────────────────────────────────┬───────────────────┬───────────┬───────────────────┐
│ (index) │ Pool                                         │ Domain            │ Provider  │ SupportsAllTokens │
├─────────┼──────────────────────────────────────────────┼───────────────────┼───────────┼───────────────────┤
│ 0       │ '0x0E16326e6921395edA2575740374E754b22810eb' │ 'ETHEREUM'        │ 'CCTP_V2' │ false             │
│ 1       │ '0x0E16326e6921395edA2575740374E754b22810eb' │ 'ETHEREUM'        │ 'ACROSS'  │ false             │
│ 2       │ '0x0E16326e6921395edA2575740374E754b22810eb' │ 'ARBITRUM_ONE'    │ 'CCTP_V2' │ false             │
│ 3       │ '0x0E16326e6921395edA2575740374E754b22810eb' │ 'ARBITRUM_ONE'    │ 'ACROSS'  │ false             │
│ 4       │ '0x0E16326e6921395edA2575740374E754b22810eb' │ 'BASE'            │ 'CCTP_V2' │ false             │
│ 5       │ '0x0E16326e6921395edA2575740374E754b22810eb' │ 'BASE'            │ 'ACROSS'  │ false             │
│ 6       │ '0x0E16326e6921395edA2575740374E754b22810eb' │ 'OP_MAINNET'      │ 'CCTP_V2' │ false             │
│ 7       │ '0x0E16326e6921395edA2575740374E754b22810eb' │ 'OP_MAINNET'      │ 'ACROSS'  │ false             │
│ 8       │ '0x2022a5600F854cc3218E636239f4DFce9e5357b5' │ 'ARBITRUM_ONE'    │ 'CCTP_V2' │ true              │
│ 9       │ '0x2022a5600F854cc3218E636239f4DFce9e5357b5' │ 'ARBITRUM_ONE'    │ 'ACROSS'  │ true              │
│ 10      │ '0x2022a5600F854cc3218E636239f4DFce9e5357b5' │ 'ARBITRUM_ONE'    │ 'USDT0'   │ true              │
│ 11      │ '0x2022a5600F854cc3218E636239f4DFce9e5357b5' │ 'BASE'            │ 'CCTP_V2' │ true              │
│ 12      │ '0x2022a5600F854cc3218E636239f4DFce9e5357b5' │ 'BASE'            │ 'ACROSS'  │ true              │
│ 13      │ '0x2022a5600F854cc3218E636239f4DFce9e5357b5' │ 'OP_MAINNET'      │ 'CCTP_V2' │ true              │
│ 14      │ '0x2022a5600F854cc3218E636239f4DFce9e5357b5' │ 'OP_MAINNET'      │ 'ACROSS'  │ true              │
│ 15      │ '0x2022a5600F854cc3218E636239f4DFce9e5357b5' │ 'POLYGON_MAINNET' │ 'CCTP_V2' │ true              │
│ 16      │ '0x2022a5600F854cc3218E636239f4DFce9e5357b5' │ 'POLYGON_MAINNET' │ 'ACROSS'  │ true              │
│ 17      │ '0x2022a5600F854cc3218E636239f4DFce9e5357b5' │ 'POLYGON_MAINNET' │ 'USDT0'   │ true              │
│ 18      │ '0xa8D2c9C9453E61E3Ca961512403D388DEe0A3672' │ 'ETHEREUM'        │ 'CCTP_V2' │ true              │
│ 19      │ '0xa8D2c9C9453E61E3Ca961512403D388DEe0A3672' │ 'ETHEREUM'        │ 'ACROSS'  │ true              │
│ 20      │ '0xa8D2c9C9453E61E3Ca961512403D388DEe0A3672' │ 'UNICHAIN'        │ 'CCTP_V2' │ true              │
│ 21      │ '0xa8D2c9C9453E61E3Ca961512403D388DEe0A3672' │ 'UNICHAIN'        │ 'ACROSS'  │ true              │
│ 22      │ '0x52D0EE7a870824FC683Ea19C714c7Bd110257788' │ 'ETHEREUM'        │ 'CCTP_V2' │ true              │
│ 23      │ '0x52D0EE7a870824FC683Ea19C714c7Bd110257788' │ 'ETHEREUM'        │ 'ACROSS'  │ true              │
│ 24      │ '0x52D0EE7a870824FC683Ea19C714c7Bd110257788' │ 'ETHEREUM'        │ 'USDT0'   │ true              │
└─────────┴──────────────────────────────────────────────┴───────────────────┴───────────┴───────────────────┘
InputOutputTokens:
┌─────────┬──────────────────────────────────────────────┬───────────────────┬──────────────────────────────────────────────┬──────────────┐
│ (index) │ InputToken                                   │ Domain            │ OutputToken                                  │ DecimalsDiff │
├─────────┼──────────────────────────────────────────────┼───────────────────┼──────────────────────────────────────────────┼──────────────┤
│ 0       │ '0x2D270e6886d130D724215A266106e6832161EAEd' │ 'ETHEREUM'        │ '0xA0b86991c6218b36c1d19D4a2e9Eb0cE3606eB48' │ 0            │
│ 1       │ '0x2D270e6886d130D724215A266106e6832161EAEd' │ 'AVALANCHE'       │ '0xB97EF9Ef8734C71904D8002F8b6Bc66Dd9c48a6E' │ 0            │
│ 2       │ '0x2D270e6886d130D724215A266106e6832161EAEd' │ 'OP_MAINNET'      │ '0x0b2C639c533813f4Aa9D7837CAf62653d097Ff85' │ 0            │
│ 3       │ '0x2D270e6886d130D724215A266106e6832161EAEd' │ 'ARBITRUM_ONE'    │ '0xaf88d065e77c8cC2239327C5EDb3A432268e5831' │ 0            │
│ 4       │ '0x2D270e6886d130D724215A266106e6832161EAEd' │ 'BASE'            │ '0x833589fCD6eDb6E08f4c7C32D4f71b54bdA02913' │ 0            │
│ 5       │ '0x2D270e6886d130D724215A266106e6832161EAEd' │ 'POLYGON_MAINNET' │ '0x3c499c542cEF5E3811e1192ce70d8cC03d5c3359' │ 0            │
│ 6       │ '0x2D270e6886d130D724215A266106e6832161EAEd' │ 'UNICHAIN'        │ '0x078D782b760474a361dDA0AF3839290b0EF57AD6' │ 0            │
│ 7       │ '0x2D270e6886d130D724215A266106e6832161EAEd' │ 'BSC'             │ '0x8AC76a51cc950d9822D68b83fE1Ad97B32Cd580d' │ -12          │
│ 8       │ '0x2D270e6886d130D724215A266106e6832161EAEd' │ 'LINEA'           │ '0x176211869cA2b568f2A7D4EE941E073a821EE1ff' │ 0            │
│ 9       │ '0x2D270e6886d130D724215A266106e6832161EAEd' │ 'GNOSIS_CHAIN'    │ '0x2a22f9c3b484c3629090FeED35F17Ff8F88f76F0' │ 0            │
│ 10      │ '0x2D270e6886d130D724215A266106e6832161EAEd' │ 'WORLD_CHAIN'     │ '0x79A02482A880bCE3F13e09Da970dC34db4CD24d1' │ 0            │
│ 11      │ '0x2D270e6886d130D724215A266106e6832161EAEd' │ 'HYPER_EVM'       │ '0xb88339CB7199b77E23DB6E890353E22632Ba630f' │ 0            │
│ 12      │ '0x4200000000000000000000000000000000000006' │ 'ETHEREUM'        │ '0xC02aaA39b223FE8D0A0e5C4F27eAD9083C756Cc2' │ 0            │
│ 13      │ '0x4200000000000000000000000000000000000006' │ 'OP_MAINNET'      │ '0x4200000000000000000000000000000000000006' │ 0            │
│ 14      │ '0x4200000000000000000000000000000000000006' │ 'ARBITRUM_ONE'    │ '0x82aF49447D8a07e3bd95BD0d56f35241523fBab1' │ 0            │
│ 15      │ '0x4200000000000000000000000000000000000006' │ 'BASE'            │ '0x4200000000000000000000000000000000000006' │ 0            │
│ 16      │ '0x4200000000000000000000000000000000000006' │ 'POLYGON_MAINNET' │ '0x7ceB23fD6bC0adD59E62ac25578270cFf1b9f619' │ 0            │
│ 17      │ '0x4200000000000000000000000000000000000006' │ 'UNICHAIN'        │ '0x4200000000000000000000000000000000000006' │ 0            │
│ 18      │ '0x4200000000000000000000000000000000000006' │ 'BSC'             │ '0x2170Ed0880ac9A755fd29B2688956BD959F933F8' │ 0            │
│ 19      │ '0x4200000000000000000000000000000000000006' │ 'LINEA'           │ '0xe5D7C2a44FfDDf6b295A15c148167daaAf5Cf34f' │ 0            │
│ 20      │ '0x4200000000000000000000000000000000000006' │ 'GNOSIS_CHAIN'    │ '0x6A023CCd1ff6F2045C3309768eAd9E68F978f6e1' │ 0            │
│ 21      │ '0x4200000000000000000000000000000000000006' │ 'WORLD_CHAIN'     │ '0x4200000000000000000000000000000000000006' │ 0            │
│ 22      │ '0x0200C29006150606B650577BBE7B6248F58470c1' │ 'ETHEREUM'        │ '0xdAC17F958D2ee523a2206206994597C13D831ec7' │ 0            │
│ 23      │ '0x0200C29006150606B650577BBE7B6248F58470c1' │ 'OP_MAINNET'      │ '0x94b008aA00579c1307B0EF2c499aD98a8ce58e58' │ 0            │
│ 24      │ '0x0200C29006150606B650577BBE7B6248F58470c1' │ 'ARBITRUM_ONE'    │ '0xFd086bC7CD5C481DCC9C85ebE478A1C0b69FCbb9' │ 0            │
│ 25      │ '0x0200C29006150606B650577BBE7B6248F58470c1' │ 'BASE'            │ '0xfde4C96c8593536E31F229EA8f37b2ADa2699bb2' │ 0            │
│ 26      │ '0x0200C29006150606B650577BBE7B6248F58470c1' │ 'POLYGON_MAINNET' │ '0xc2132D05D31c914a87C6611C10748AEb04B58e8F' │ 0            │
│ 27      │ '0x0200C29006150606B650577BBE7B6248F58470c1' │ 'UNICHAIN'        │ '0x9151434b16b9763660705744891fA906F660EcC5' │ 0            │
│ 28      │ '0x0200C29006150606B650577BBE7B6248F58470c1' │ 'BSC'             │ '0x55d398326f99059fF775485246999027B3197955' │ -12          │
│ 29      │ '0x0200C29006150606B650577BBE7B6248F58470c1' │ 'LINEA'           │ '0xA219439258ca9da29E9Cc4cE5596924745e12B93' │ 0            │
│ 30      │ '0x0200C29006150606B650577BBE7B6248F58470c1' │ 'GNOSIS_CHAIN'    │ '0x4ECaBa5870353805a9F068101A40E0f32ed605C6' │ 0            │
│ 31      │ '0x0200C29006150606B650577BBE7B6248F58470c1' │ 'HYPER_EVM'       │ '0xB8CE59FC3717ada4C02eaDF9682A9e934F625ebb' │ 0            │
└─────────┴──────────────────────────────────────────────┴───────────────────┴──────────────────────────────────────────────┴──────────────┘

Deployment ID: MVP
Upgrade ID: MVP5
Upgrading Repayer
Using config for: INK
Deployer        : 0xD44E9811169e0e84363a9c689eEcbBc73ffDfE2b
DEPLOYER_ADDRESS: 0xD44E9811169e0e84363a9c689eEcbBc73ffDfE2b
New Repayer implementation deployed to 0x97611394FFc80228D8422ddD19Cdf759A3D099Ab
Simulating Repayer upgrade.
Success.
To finalize upgrade send the following transaction from ProxyAdmin owner: 0x4eA9E682BA79bC403523c9e8D98A05EaF3810636
To: 0x2B5D04eF6b3279bCdA4B219b02FAF627dA1664CB
Value: 0
Data: 0x9623609d00000000000000000000000036364acc7b9c67692ca215af09a41cbd1043951100000000000000000000000097611394ffc80228d8422ddd19cdf759a3d099ab00000000000000000000000000000000000000000000000000000000000000600000000000000000000000000000000000000000000000000000000000000000