Deployment ID: MVP
Deploying to: BASE
Deploying staging set of contracts on: BASE
Deploying AAVE Liquidity Pool
LiquidityPoolAaveUSDC: 0x2D24c6c58bBCe4BC09aE6ac559F697D97665d05D
SprinterUSDCLPShare: 0xCb85b9fEFcA1316EFe0B7E1965A8922701fF502f
LiquidityHub: 0x6FD4142Be84134C5a6D45d454529A6C3c9573B61
LiquidityHubProxyAdmin: 0x806BA52Fad6BED2EE431e4a3CC436B3F3Da54aED
LiquidityHub Adjuster: 0x2D5B6C193C39D2AECb4a99052074E6F325258a0f
LiquidityHub DepositProfit: 0x2D5B6C193C39D2AECb4a99052074E6F325258a0f
LiquidityHub Assets Limit: 10000000
SprinterLiquidityMining: 0xa85Aa9ac9EaC15BA8636cE4C8014135bC34B0525
Tiers:
┌─────────┬──────────┬────────────────┐
│ (index) │ seconds  │ multiplier     │
├─────────┼──────────┼────────────────┤
│ 0       │ 7776000  │ '0.400000000x' │
│ 1       │ 15552000 │ '1.0x'         │
│ 2       │ 31104000 │ '2.200000000x' │
└─────────┴──────────┴────────────────┘
Multicall: 0xd0A630c391daEb244369DB0f75CBDF7dFeEaEaC3
Admin: 0x2D5B6C193C39D2AECb4a99052074E6F325258a0f
LiquidityPool Withdraw Profit: 0x2D5B6C193C39D2AECb4a99052074E6F325258a0f
LiquidityPool Pauser: 0x2D5B6C193C39D2AECb4a99052074E6F325258a0f
MPC Address: 0x6adAF8c96151962198a9b73132c16E99F4682Eb5
USDC: 0x833589fCD6eDb6E08f4c7C32D4f71b54bdA02913
Rebalancer: 0x34Df9cD75fA0b4d8fF300AeDf7591f79dFdd61C9
RebalancerProxyAdmin: 0xcB33De00942f1004F59B2346d3891864DecEF14C
Routes:
┌─────────┬──────────────────────────────────────────────┬────────────────┬──────────┐
│ (index) │ Pool                                         │ Domain         │ Provider │
├─────────┼──────────────────────────────────────────────┼────────────────┼──────────┤
│ 0       │ '0x2D24c6c58bBCe4BC09aE6ac559F697D97665d05D' │ 'OP_MAINNET'   │ 'CCTP'   │
│ 1       │ '0x2D24c6c58bBCe4BC09aE6ac559F697D97665d05D' │ 'ARBITRUM_ONE' │ 'CCTP'   │
│ 2       │ '0xfe22Dff2Dc00E80e3127BCac393aC4e0672570F0' │ 'OP_MAINNET'   │ 'CCTP'   │
│ 3       │ '0xfe22Dff2Dc00E80e3127BCac393aC4e0672570F0' │ 'ARBITRUM_ONE' │ 'CCTP'   │
│ 4       │ '0x2D24c6c58bBCe4BC09aE6ac559F697D97665d05D' │ 'BASE'         │ 'LOCAL'  │
└─────────┴──────────────────────────────────────────────┴────────────────┴──────────┘

Deployment ID: MVP
Redeploying to: BASE
Deploying staging USDC pool on fork: BASE
Rebalancer: 0x34Df9cD75fA0b4d8fF300AeDf7591f79dFdd61C9
Deploying USDC Liquidity Pool
LiquidityPoolUSDC: 0xfe22Dff2Dc00E80e3127BCac393aC4e0672570F0

Deployment ID: MVP
Deploying Repayer
Using config for: stage, BASE
LiquidityPoolAave: 0x2D24c6c58bBCe4BC09aE6ac559F697D97665d05D
LiquidityPool: 0xfe22Dff2Dc00E80e3127BCac393aC4e0672570F0
Repayer: 0x697ECA1cae710FA0348e2173900e6C09b180C35b
RepayerProxyAdmin: 0x97e48e13AbAA3e4854166D2c564868215d3d1F0f
RepayerRoutes:
┌─────────┬──────────────────────────────────────────────┬────────────────┬──────────┬───────────────────┐
│ (index) │ Pool                                         │ Domain         │ Provider │ SupportsAllTokens │
├─────────┼──────────────────────────────────────────────┼────────────────┼──────────┼───────────────────┤
│ 0       │ '0x2D24c6c58bBCe4BC09aE6ac559F697D97665d05D' │ 'OP_MAINNET'   │ 'CCTP'   │ true              │
│ 1       │ '0x2D24c6c58bBCe4BC09aE6ac559F697D97665d05D' │ 'ARBITRUM_ONE' │ 'CCTP'   │ true              │
│ 2       │ '0xfe22Dff2Dc00E80e3127BCac393aC4e0672570F0' │ 'OP_MAINNET'   │ 'CCTP'   │ false             │
│ 3       │ '0xfe22Dff2Dc00E80e3127BCac393aC4e0672570F0' │ 'ARBITRUM_ONE' │ 'CCTP'   │ false             │
│ 4       │ '0x2D24c6c58bBCe4BC09aE6ac559F697D97665d05D' │ 'OP_MAINNET'   │ 'ACROSS' │ true              │
│ 5       │ '0x2D24c6c58bBCe4BC09aE6ac559F697D97665d05D' │ 'ARBITRUM_ONE' │ 'ACROSS' │ true              │
│ 6       │ '0x2D24c6c58bBCe4BC09aE6ac559F697D97665d05D' │ 'BASE'         │ 'LOCAL'  │ true              │
│ 7       │ '0xfe22Dff2Dc00E80e3127BCac393aC4e0672570F0' │ 'BASE'         │ 'LOCAL'  │ false             │
└─────────┴──────────────────────────────────────────────┴────────────────┴──────────┴───────────────────┘

Deployment ID: MVP
Deploying Standalone Repayer
Using config for: SparkStage, BASE
Repayer: 0x4c1545A73e2d586625e92482E706Eaa400613eb9
RepayerProxyAdmin: 0x0d54E83bA5651d99f6675c6De0171Cb11C3025c8
Repayer callers: 0x6D2C6B7B16f95B123dD3F536DCb96CB9B65d2aa3, 0xc1d6EEa5ce163d7D9f1952Db220830Aae16Cb607
RepayerRoutes:
┌─────────┬──────────────────────────────────────────────┬────────────────┬─────────────┬───────────────────┐
│ (index) │ Pool                                         │ Domain         │ Provider    │ SupportsAllTokens │
├─────────┼──────────────────────────────────────────────┼────────────────┼─────────────┼───────────────────┤
│ 0       │ '0xa21007B5BC5E2B488063752d1BE43C0f3f376743' │ 'BASE'         │ 'LOCAL'     │ true              │
│ 1       │ '0xa21007B5BC5E2B488063752d1BE43C0f3f376743' │ 'ARBITRUM_ONE' │ 'CCTP'      │ false             │
│ 2       │ '0xa21007B5BC5E2B488063752d1BE43C0f3f376743' │ 'ARBITRUM_ONE' │ 'ACROSS'    │ true              │
│ 3       │ '0xa21007B5BC5E2B488063752d1BE43C0f3f376743' │ 'ARBITRUM_ONE' │ 'STARGATE'  │ true              │
│ 4       │ '0xa21007B5BC5E2B488063752d1BE43C0f3f376743' │ 'ARBITRUM_ONE' │ 'EVERCLEAR' │ true              │
│ 5       │ '0xa21007B5BC5E2B488063752d1BE43C0f3f376743' │ 'OP_MAINNET'   │ 'CCTP'      │ false             │
│ 6       │ '0xa21007B5BC5E2B488063752d1BE43C0f3f376743' │ 'OP_MAINNET'   │ 'ACROSS'    │ true              │
│ 7       │ '0xa21007B5BC5E2B488063752d1BE43C0f3f376743' │ 'OP_MAINNET'   │ 'STARGATE'  │ true              │
│ 8       │ '0xa21007B5BC5E2B488063752d1BE43C0f3f376743' │ 'OP_MAINNET'   │ 'EVERCLEAR' │ true              │
└─────────┴──────────────────────────────────────────────┴────────────────┴─────────────┴───────────────────┘

Using config for: stage, BASE
Following tokens will be added to 0x697ECA1cae710FA0348e2173900e6C09b180C35b.
┌─────────┬──────────────────────────────────────────────┬───────────────────┬──────────────────────────────────────────────┐
│ (index) │ InputToken                                   │ Domain            │ OutputToken                                  │
├─────────┼──────────────────────────────────────────────┼───────────────────┼──────────────────────────────────────────────┤
│ 0       │ '0xfde4C96c8593536E31F229EA8f37b2ADa2699bb2' │ 'ETHEREUM'        │ '0xdAC17F958D2ee523a2206206994597C13D831ec7' │
│ 1       │ '0xfde4C96c8593536E31F229EA8f37b2ADa2699bb2' │ 'OP_MAINNET'      │ '0x94b008aA00579c1307B0EF2c499aD98a8ce58e58' │
│ 2       │ '0xfde4C96c8593536E31F229EA8f37b2ADa2699bb2' │ 'ARBITRUM_ONE'    │ '0xFd086bC7CD5C481DCC9C85ebE478A1C0b69FCbb9' │
│ 3       │ '0xfde4C96c8593536E31F229EA8f37b2ADa2699bb2' │ 'POLYGON_MAINNET' │ '0xc2132D05D31c914a87C6611C10748AEb04B58e8F' │
│ 4       │ '0xfde4C96c8593536E31F229EA8f37b2ADa2699bb2' │ 'UNICHAIN'        │ '0x9151434b16b9763660705744891fA906F660EcC5' │
│ 5       │ '0xfde4C96c8593536E31F229EA8f37b2ADa2699bb2' │ 'LINEA'           │ '0xA219439258ca9da29E9Cc4cE5596924745e12B93' │
└─────────┴──────────────────────────────────────────────┴───────────────────┴──────────────────────────────────────────────┘
Done.

Using config for: stage, BASE
Following tokens will be added to 0x697ECA1cae710FA0348e2173900e6C09b180C35b.
┌─────────┬──────────────────────────────────────────────┬────────────────┬──────────────────────────────────────────────┬──────────────┐
│ (index) │ InputToken                                   │ Domain         │ OutputToken                                  │ DecimalsDiff │
├─────────┼──────────────────────────────────────────────┼────────────────┼──────────────────────────────────────────────┼──────────────┤
│ 0       │ '0x833589fCD6eDb6E08f4c7C32D4f71b54bdA02913' │ 'BSC'          │ '0x8AC76a51cc950d9822D68b83fE1Ad97B32Cd580d' │ -12          │
│ 1       │ '0x833589fCD6eDb6E08f4c7C32D4f71b54bdA02913' │ 'GNOSIS_CHAIN' │ '0x2a22f9c3b484c3629090FeED35F17Ff8F88f76F0' │ 0            │
│ 2       │ '0xfde4C96c8593536E31F229EA8f37b2ADa2699bb2' │ 'BSC'          │ '0x55d398326f99059fF775485246999027B3197955' │ -12          │
│ 3       │ '0xfde4C96c8593536E31F229EA8f37b2ADa2699bb2' │ 'GNOSIS_CHAIN' │ '0x4ECaBa5870353805a9F068101A40E0f32ed605C6' │ 0            │
│ 4       │ '0x50c5725949A6F0c72E6C4a641F24049A917DB0Cb' │ 'GNOSIS_CHAIN' │ '0xe91D153E0b41518A2Ce8Dd3D7944Fa863463a97d' │ 0            │
│ 5       │ '0x4200000000000000000000000000000000000006' │ 'BSC'          │ '0x2170Ed0880ac9A755fd29B2688956BD959F933F8' │ 0            │
│ 6       │ '0x4200000000000000000000000000000000000006' │ 'GNOSIS_CHAIN' │ '0x6A023CCd1ff6F2045C3309768eAd9E68F978f6e1' │ 0            │
└─────────┴──────────────────────────────────────────────┴────────────────┴──────────────────────────────────────────────┴──────────────┘
Done.
