Deployment ID: MVP
Deploying to: ARBITRUM_ONE
Deploying AAVE Liquidity Pool
LiquidityPoolAaveUSDC: 0x7C255279c098fdF6c3116D2BecD9978002c09f4b
Deploying USDC Liquidity Pool
LiquidityPoolUSDC: 0xB58Bb9643884abbbad64FA7eBc874c5481E5c032
Multicall: 0x7C472EBa1945E970a23C903FC8812D469a29B6bb
Admin: 0x4eA9E682BA79bC403523c9e8D98A05EaF3810636
LiquidityPool Withdraw Profit: 0x83B8D2eAda788943c3e80892f37f9c102271C1D6
LiquidityPool Pauser: 0x83B8D2eAda788943c3e80892f37f9c102271C1D6
MPC Address: 0x1337000000000000000000000000000000000000
USDC: 0xaf88d065e77c8cC2239327C5EDb3A432268e5831
Rebalancer: 0xA85Cf46c150db2600b1D03E437bedD5513869888
RebalancerProxyAdmin: 0x818E818aC77112034aBf79506d53ba197Cac5077
Routes:
┌─────────┬──────────────────────────────────────────────┬────────────────┬──────────┐
│ (index) │ Pool                                         │ Domain         │ Provider │
├─────────┼──────────────────────────────────────────────┼────────────────┼──────────┤
│ 0       │ '0x7C255279c098fdF6c3116D2BecD9978002c09f4b' │ 'BASE'         │ 'CCTP'   │
│ 1       │ '0x7C255279c098fdF6c3116D2BecD9978002c09f4b' │ 'OP_MAINNET'   │ 'CCTP'   │
│ 2       │ '0xB58Bb9643884abbbad64FA7eBc874c5481E5c032' │ 'BASE'         │ 'CCTP'   │
│ 3       │ '0xB58Bb9643884abbbad64FA7eBc874c5481E5c032' │ 'OP_MAINNET'   │ 'CCTP'   │
│ 4       │ '0x7C255279c098fdF6c3116D2BecD9978002c09f4b' │ 'ARBITRUM_ONE' │ 'LOCAL'  │
│ 5       │ '0xB58Bb9643884abbbad64FA7eBc874c5481E5c032' │ 'ARBITRUM_ONE' │ 'LOCAL'  │
└─────────┴──────────────────────────────────────────────┴────────────────┴──────────┘

Deployment ID: MVP
Deploying Repayer
Using config for: ARBITRUM_ONE
LiquidityPoolAave: 0x7C255279c098fdF6c3116D2BecD9978002c09f4b
LiquidityPool: 0xB58Bb9643884abbbad64FA7eBc874c5481E5c032
Repayer: 0x36364Acc7B9c67692CA215af09A41CBd10439511
RepayerProxyAdmin: 0x2B5D04eF6b3279bCdA4B219b02FAF627dA1664CB
RepayerRoutes:
┌─────────┬──────────────────────────────────────────────┬────────────────┬─────────────┬───────────────────┐
│ (index) │ Pool                                         │ Domain         │ Provider    │ SupportsAllTokens │
├─────────┼──────────────────────────────────────────────┼────────────────┼─────────────┼───────────────────┤
│ 0       │ '0x7C255279c098fdF6c3116D2BecD9978002c09f4b' │ 'OP_MAINNET'   │ 'CCTP'      │ true              │
│ 1       │ '0x7C255279c098fdF6c3116D2BecD9978002c09f4b' │ 'BASE'         │ 'CCTP'      │ true              │
│ 2       │ '0x7C255279c098fdF6c3116D2BecD9978002c09f4b' │ 'OP_MAINNET'   │ 'ACROSS'    │ true              │
│ 3       │ '0x7C255279c098fdF6c3116D2BecD9978002c09f4b' │ 'BASE'         │ 'ACROSS'    │ true              │
│ 4       │ '0x7C255279c098fdF6c3116D2BecD9978002c09f4b' │ 'OP_MAINNET'   │ 'EVERCLEAR' │ true              │
│ 5       │ '0x7C255279c098fdF6c3116D2BecD9978002c09f4b' │ 'BASE'         │ 'EVERCLEAR' │ true              │
│ 6       │ '0xB58Bb9643884abbbad64FA7eBc874c5481E5c032' │ 'OP_MAINNET'   │ 'CCTP'      │ false             │
│ 7       │ '0xB58Bb9643884abbbad64FA7eBc874c5481E5c032' │ 'BASE'         │ 'CCTP'      │ false             │
│ 8       │ '0x7C255279c098fdF6c3116D2BecD9978002c09f4b' │ 'ARBITRUM_ONE' │ 'LOCAL'     │ true              │
│ 9       │ '0xB58Bb9643884abbbad64FA7eBc874c5481E5c032' │ 'ARBITRUM_ONE' │ 'LOCAL'     │ false             │
└─────────┴──────────────────────────────────────────────┴────────────────┴─────────────┴───────────────────┘
