Deployment ID: MVP
Upgrade ID: MVP2
Upgrading Liquidity Hub
Using config for: stage, BASE
Liquidity Pool: 0x2B7899f3d553FCcf61122BdA60f5f9a9AE390683
New LiquidityHub implementation deployed to 0xB7b59D39041aD311d4d46B90A85e3b4F5faD3E9D
Simulating LiquidityHub upgrade.
Success.
To finalize upgrade send the following transaction from ProxyAdmin owner: 0x2D5B6C193C39D2AECb4a99052074E6F325258a0f
To: 0x806BA52Fad6BED2EE431e4a3CC436B3F3Da54aED
Value: 0
Data: 0x9623609d0000000000000000000000006fd4142be84134c5a6d45d454529a6c3c9573b61000000000000000000000000b7b59d39041ad311d4d46b90a85e3b4f5fad3e9d00000000000000000000000000000000000000000000000000000000000000600000000000000000000000000000000000000000000000000000000000000000

Deployment ID: MVP
Upgrade ID: MVP3
Upgrading Liquidity Hub
Using config for: stage, BASE
Liquidity Pool: 0x4e13849d29a9a7A200196DC16722ddeb67b6e769
New LiquidityHub implementation deployed to 0xA5903B26a940Dd4Bb35484bc6611F265A94f94bf
Simulating LiquidityHub upgrade.
Success.
To finalize upgrade send the following transaction from ProxyAdmin owner: 0x2D5B6C193C39D2AECb4a99052074E6F325258a0f
To: 0x806BA52Fad6BED2EE431e4a3CC436B3F3Da54aED
Value: 0
Data: 0x9623609d0000000000000000000000006fd4142be84134c5a6d45d454529a6c3c9573b61000000000000000000000000a5903b26a940dd4bb35484bc6611f265a94f94bf00000000000000000000000000000000000000000000000000000000000000600000000000000000000000000000000000000000000000000000000000000000
