Deployment ID: MVP
Upgrade ID: MVP3
Upgrading Repayer
Using config for: stage, ETHEREUM
New Repayer implementation deployed to 0xD008D4C22490be1425578cAdee09d8B2225B97dB
Simulating Repayer upgrade.
Success.
To finalize upgrade send the following transaction from ProxyAdmin owner: 0x2D5B6C193C39D2AECb4a99052074E6F325258a0f
To: 0x97e48e13AbAA3e4854166D2c564868215d3d1F0f
Value: 0
Data: 0x9623609d000000000000000000000000697eca1cae710fa0348e2173900e6c09b180c35b000000000000000000000000d008d4c22490be1425578cadee09d8b2225b97db00000000000000000000000000000000000000000000000000000000000000600000000000000000000000000000000000000000000000000000000000000000

Deployment ID: MVP
Upgrade ID: MVP3
Upgrading Repayer
Using config for: stage, ETHEREUM
New Repayer implementation deployed to 0x0c90DD8ec43f985BDBEb536929a4507266383B0E
Sending Repayer upgrade transaction.
0x6c8878bfb00da82902d7b3bc16d1831db7d18e47633336f2b2d2b0209de64001
Repayer upgraded.

Deployment ID: MVP
Upgrade ID: REPAYER_DECIMALS
Upgrading Repayer
Using config for: stage, ETHEREUM
Deployer        : 0x2D5B6C193C39D2AECb4a99052074E6F325258a0f
DEPLOYER_ADDRESS: 0xdBD91aD22bE5304e385b7b0A2Cfe91164e416e11
New Repayer implementation deployed to 0x8458176F9b85027823644699A9460B8525B96b0A
Sending Repayer upgrade transaction.
0x1c3cfb93975336c51591e0dbc1bdb0a54d65a94ff1313fbeecc3b9e7caddf256
Repayer upgraded.

Deployment ID: MVP
Upgrade ID: REPAYER_DECIMALS
Upgrading Rebalancer
Using config for: stage, ETHEREUM
Deployer        : 0x2D5B6C193C39D2AECb4a99052074E6F325258a0f
DEPLOYER_ADDRESS: 0xdBD91aD22bE5304e385b7b0A2Cfe91164e416e11
New Rebalancer implementation deployed to 0xd4E8FDb97c721c0d7BEA8e7d5DA8D6464dA5f7a9
Sending Rebalancer upgrade transaction.
0x3c7b402975e23889ae0abf7808276f98b5183dc09444dc4551a827010a0396d5
Rebalancer upgraded.

Deployment ID: MVP
Upgrade ID: MVP4
Upgrading Repayer
Using config for: stage, ETHEREUM
Deployer        : 0x2D5B6C193C39D2AECb4a99052074E6F325258a0f
DEPLOYER_ADDRESS: 0xdBD91aD22bE5304e385b7b0A2Cfe91164e416e11
New Repayer implementation deployed to 0x5C8dcB27470fa758Af7Fba900093D589a51Ec9b6
Sending Repayer upgrade transaction.
0xe622051d48bfe45ae1a56d37152aad5fa81f97f987348078f804754028640b23
Repayer upgraded.

Deployment ID: MVP
Upgrade ID: MVP4
Upgrading Rebalancer
Using config for: stage, ETHEREUM
Deployer        : 0x2D5B6C193C39D2AECb4a99052074E6F325258a0f
DEPLOYER_ADDRESS: 0xdBD91aD22bE5304e385b7b0A2Cfe91164e416e11
New Rebalancer implementation deployed to 0x1e0AbEA02b2963D80132f18750777C9205473823
Sending Rebalancer upgrade transaction.
0x14a7b1b05a187601acd1a2aeeefad6406f11d6989e905eeeeaba663cca72698e
Rebalancer upgraded.