Deployment ID: MVP
Upgrade ID: MVP2
Upgrading Repayer
Using config for: stage, ARBITRUM_ONE
New Repayer implementation deployed to 0x4c9cE2A171d5b3f185F4dA6C615f443A97290102
Simulating Repayer upgrade.
Success.
To finalize upgrade send the following transaction from ProxyAdmin owner: 0x2D5B6C193C39D2AECb4a99052074E6F325258a0f
To: 0x97e48e13AbAA3e4854166D2c564868215d3d1F0f
Value: 0
Data: 0x9623609d000000000000000000000000697eca1cae710fa0348e2173900e6c09b180c35b0000000000000000000000004c9ce2a171d5b3f185f4da6c615f443a9729010200000000000000000000000000000000000000000000000000000000000000600000000000000000000000000000000000000000000000000000000000000000

Deployment ID: MVP
Upgrade ID: MVP3
Upgrading Repayer
Using config for: stage, ARBITRUM_ONE
New Repayer implementation deployed to 0xD008D4C22490be1425578cAdee09d8B2225B97dB
Simulating Repayer upgrade.
Success.
To finalize upgrade send the following transaction from ProxyAdmin owner: 0x2D5B6C193C39D2AECb4a99052074E6F325258a0f
To: 0x97e48e13AbAA3e4854166D2c564868215d3d1F0f
Value: 0
Data: 0x9623609d000000000000000000000000697eca1cae710fa0348e2173900e6c09b180c35b000000000000000000000000d008d4c22490be1425578cadee09d8b2225b97db00000000000000000000000000000000000000000000000000000000000000600000000000000000000000000000000000000000000000000000000000000000

Deployment ID: MVP
Upgrade ID: REPAYER_DECIMALS
Upgrading Repayer
Using config for: stage, ARBITRUM_ONE
Deployer        : 0x2D5B6C193C39D2AECb4a99052074E6F325258a0f
DEPLOYER_ADDRESS: 0xdBD91aD22bE5304e385b7b0A2Cfe91164e416e11
New Repayer implementation deployed to 0x8458176F9b85027823644699A9460B8525B96b0A
Sending Repayer upgrade transaction.
0x6a67ced49acffb84625c7adfe47147ef816684391ca84bc99a9013ce1756c941
Repayer upgraded.

Deployment ID: MVP
Upgrade ID: REPAYER_DECIMALS
Upgrading Rebalancer
Using config for: stage, ARBITRUM_ONE
Deployer        : 0x2D5B6C193C39D2AECb4a99052074E6F325258a0f
DEPLOYER_ADDRESS: 0xdBD91aD22bE5304e385b7b0A2Cfe91164e416e11
New Rebalancer implementation deployed to 0xd4E8FDb97c721c0d7BEA8e7d5DA8D6464dA5f7a9
Sending Rebalancer upgrade transaction.
0x22691c651e3088b53e69a39edf999e3128ebe572a32a44e1c531524f7c28bb56
Rebalancer upgraded.
