Deployment ID: MVP
Upgrade ID: MVP2
Upgrading Repayer
Using config for: stage, BASE
New Repayer implementation deployed to 0x4c9cE2A171d5b3f185F4dA6C615f443A97290102
Simulating Repayer upgrade.
Success.
To finalize upgrade send the following transaction from ProxyAdmin owner: 0x2D5B6C193C39D2AECb4a99052074E6F325258a0f
To: 0x97e48e13AbAA3e4854166D2c564868215d3d1F0f
Value: 0
Data: 0x9623609d000000000000000000000000697eca1cae710fa0348e2173900e6c09b180c35b0000000000000000000000004c9ce2a171d5b3f185f4da6c615f443a9729010200000000000000000000000000000000000000000000000000000000000000600000000000000000000000000000000000000000000000000000000000000000

Deployment ID: MVP
Upgrade ID: MVP3
Upgrading Repayer
Using config for: stage, BASE
New Repayer implementation deployed to 0xD008D4C22490be1425578cAdee09d8B2225B97dB
Simulating Repayer upgrade.
Success.
To finalize upgrade send the following transaction from ProxyAdmin owner: 0x2D5B6C193C39D2AECb4a99052074E6F325258a0f
To: 0x97e48e13AbAA3e4854166D2c564868215d3d1F0f
Value: 0
Data: 0x9623609d000000000000000000000000697eca1cae710fa0348e2173900e6c09b180c35b000000000000000000000000d008d4c22490be1425578cadee09d8b2225b97db00000000000000000000000000000000000000000000000000000000000000600000000000000000000000000000000000000000000000000000000000000000

Deployment ID: MVP
Upgrade ID: REPAYER_DECIMALS
Upgrading Repayer
Using config for: stage, BASE
Deployer        : 0x2D5B6C193C39D2AECb4a99052074E6F325258a0f
DEPLOYER_ADDRESS: 0xdBD91aD22bE5304e385b7b0A2Cfe91164e416e11
New Repayer implementation deployed to 0x8458176F9b85027823644699A9460B8525B96b0A
Sending Repayer upgrade transaction.
0x345d1cbc50f4269daa4a2b10e8bf02a736178247e68618926a386677d1455d42
Repayer upgraded.

Deployment ID: MVP
Upgrade ID: REPAYER_DECIMALS
Upgrading Rebalancer
Using config for: stage, BASE
Deployer        : 0x2D5B6C193C39D2AECb4a99052074E6F325258a0f
DEPLOYER_ADDRESS: 0xdBD91aD22bE5304e385b7b0A2Cfe91164e416e11
New Rebalancer implementation deployed to 0xd4E8FDb97c721c0d7BEA8e7d5DA8D6464dA5f7a9
Sending Rebalancer upgrade transaction.
0x2b742766f87c4b0936e414220db8f81f80ad535d0f59c75122aa430938ca8924
Rebalancer upgraded.


Deployment ID: MVP
Upgrade ID: MVP4
Upgrading Repayer
Using config for: stage, BASE
Deployer        : 0xdBD91aD22bE5304e385b7b0A2Cfe91164e416e11
DEPLOYER_ADDRESS: 0xdBD91aD22bE5304e385b7b0A2Cfe91164e416e11
New Repayer implementation deployed to 0x149A161D0B6dab8F91419747E445F5e3b79eaE31
Simulating Repayer upgrade.
Success.
To finalize upgrade send the following transaction from ProxyAdmin owner: 0x2D5B6C193C39D2AECb4a99052074E6F325258a0f
To: 0x97e48e13AbAA3e4854166D2c564868215d3d1F0f
Value: 0
Data: 0x9623609d000000000000000000000000697eca1cae710fa0348e2173900e6c09b180c35b000000000000000000000000149a161d0b6dab8f91419747e445f5e3b79eae3100000000000000000000000000000000000000000000000000000000000000600000000000000000000000000000000000000000000000000000000000000000

Deployment ID: MVP
Upgrade ID: MVP4
Upgrading Rebalancer
Using config for: stage, BASE
Deployer        : 0x2D5B6C193C39D2AECb4a99052074E6F325258a0f
DEPLOYER_ADDRESS: 0xdBD91aD22bE5304e385b7b0A2Cfe91164e416e11
New Rebalancer implementation deployed to 0x1e0AbEA02b2963D80132f18750777C9205473823
Sending Rebalancer upgrade transaction.
0x995d0a20231f3393c4c80f91234043964f8da52125340f0c2ce55fd5374b0bd5
Rebalancer upgraded.